Compiling the C compiler identification source file "CMakeCCompilerId.c" failed.
Compiler: /usr/bin/eosio-cc 
Build flags: ;-O3;
Id flags:  

The output was:
255
/usr/opt/eosio.cdt/1.6.3/bin/wasm-ld: error: fatal failure: contract with no actions and trying to create dispatcher


Compiling the CXX compiler identification source file "CMakeCXXCompilerId.cpp" failed.
Compiler: /usr/bin/eosio-cpp 
Build flags: ;-O3;
Id flags:  

The output was:
255
/usr/opt/eosio.cdt/1.6.3/bin/wasm-ld: error: fatal failure: contract with no actions and trying to create dispatcher


Detecting C compiler ABI info failed to compile with the following output:
Change Dir: /root/eosio.contracts-1.8.x/build/contracts/CMakeFiles/CMakeTmp

Run Build Command(s):/usr/bin/make cmTC_ab0aa/fast && make[3]: Entering directory '/root/eosio.contracts-1.8.x/build/contracts/CMakeFiles/CMakeTmp'
/usr/bin/make  -f CMakeFiles/cmTC_ab0aa.dir/build.make CMakeFiles/cmTC_ab0aa.dir/build
make[4]: Entering directory '/root/eosio.contracts-1.8.x/build/contracts/CMakeFiles/CMakeTmp'
Building C object CMakeFiles/cmTC_ab0aa.dir/CMakeCCompilerABI.c.obj
/usr/bin/eosio-cc   -O3     -v -o CMakeFiles/cmTC_ab0aa.dir/CMakeCCompilerABI.c.obj -c /snap/cmake/805/share/cmake-3.19/Modules/CMakeCCompilerABI.c
clang version 7.0.0 (https://github.com/eosio/clang.git 6b886302a11a8419b76e469794ff9d0c531a4b4b) (https://github.com/eosio/llvm 3c026f8b7813ad693749d3551353a554c5ca33e7)
Target: x86_64-unknown-linux-gnu
Thread model: posix
InstalledDir: /usr/opt/eosio.cdt/1.6.3/bin
Found candidate GCC installation: /usr/lib/gcc/x86_64-linux-gnu/7
Found candidate GCC installation: /usr/lib/gcc/x86_64-linux-gnu/7.5.0
Found candidate GCC installation: /usr/lib/gcc/x86_64-linux-gnu/8
Selected GCC installation: /usr/lib/gcc/x86_64-linux-gnu/7.5.0
Candidate multilib: .;@m64
Selected multilib: .;@m64
Linking C executable cmTC_ab0aa.wasm
/snap/cmake/805/bin/cmake -E cmake_link_script CMakeFiles/cmTC_ab0aa.dir/link.txt --verbose=1
/usr/bin/eosio-ld  -v CMakeFiles/cmTC_ab0aa.dir/CMakeCCompilerABI.c.obj -o cmTC_ab0aa.wasm 
eosio-ld: Unknown command line argument '-v'.  Try: '/usr/bin/eosio-ld -help'
eosio-ld: Did you mean '-L'?
CMakeFiles/cmTC_ab0aa.dir/build.make:105: recipe for target 'cmTC_ab0aa.wasm' failed
make[4]: *** [cmTC_ab0aa.wasm] Error 1
make[4]: Leaving directory '/root/eosio.contracts-1.8.x/build/contracts/CMakeFiles/CMakeTmp'
Makefile:140: recipe for target 'cmTC_ab0aa/fast' failed
make[3]: *** [cmTC_ab0aa/fast] Error 2
make[3]: Leaving directory '/root/eosio.contracts-1.8.x/build/contracts/CMakeFiles/CMakeTmp'




Detecting CXX compiler ABI info failed to compile with the following output:
Change Dir: /root/eosio.contracts-1.8.x/build/contracts/CMakeFiles/CMakeTmp

Run Build Command(s):/usr/bin/make cmTC_ffc2b/fast && make[3]: Entering directory '/root/eosio.contracts-1.8.x/build/contracts/CMakeFiles/CMakeTmp'
/usr/bin/make  -f CMakeFiles/cmTC_ffc2b.dir/build.make CMakeFiles/cmTC_ffc2b.dir/build
make[4]: Entering directory '/root/eosio.contracts-1.8.x/build/contracts/CMakeFiles/CMakeTmp'
Building CXX object CMakeFiles/cmTC_ffc2b.dir/CMakeCXXCompilerABI.cpp.obj
/usr/bin/eosio-cpp   -O3     -v -o CMakeFiles/cmTC_ffc2b.dir/CMakeCXXCompilerABI.cpp.obj -c /snap/cmake/805/share/cmake-3.19/Modules/CMakeCXXCompilerABI.cpp
clang version 7.0.0 (https://github.com/eosio/clang.git 6b886302a11a8419b76e469794ff9d0c531a4b4b) (https://github.com/eosio/llvm 3c026f8b7813ad693749d3551353a554c5ca33e7)
Target: x86_64-unknown-linux-gnu
Thread model: posix
InstalledDir: /usr/opt/eosio.cdt/1.6.3/bin
Found candidate GCC installation: /usr/lib/gcc/x86_64-linux-gnu/7
Found candidate GCC installation: /usr/lib/gcc/x86_64-linux-gnu/7.5.0
Found candidate GCC installation: /usr/lib/gcc/x86_64-linux-gnu/8
Selected GCC installation: /usr/lib/gcc/x86_64-linux-gnu/7.5.0
Candidate multilib: .;@m64
Selected multilib: .;@m64
Linking CXX executable cmTC_ffc2b.wasm
/snap/cmake/805/bin/cmake -E cmake_link_script CMakeFiles/cmTC_ffc2b.dir/link.txt --verbose=1
/usr/bin/eosio-ld  -v CMakeFiles/cmTC_ffc2b.dir/CMakeCXXCompilerABI.cpp.obj -o cmTC_ffc2b.wasm 
eosio-ld: Unknown command line argument '-v'.  Try: '/usr/bin/eosio-ld -help'
eosio-ld: Did you mean '-L'?
CMakeFiles/cmTC_ffc2b.dir/build.make:105: recipe for target 'cmTC_ffc2b.wasm' failed
make[4]: *** [cmTC_ffc2b.wasm] Error 1
make[4]: Leaving directory '/root/eosio.contracts-1.8.x/build/contracts/CMakeFiles/CMakeTmp'
Makefile:140: recipe for target 'cmTC_ffc2b/fast' failed
make[3]: *** [cmTC_ffc2b/fast] Error 2
make[3]: Leaving directory '/root/eosio.contracts-1.8.x/build/contracts/CMakeFiles/CMakeTmp'




